Using pre-set license
Built from '2020.2/release' branch; Version is '2020.2.2f1 (068178b99f32) revision 426360'; Using compiler version '192528614'; Build Type 'Release'
OS: 'Windows 10 Home; OS build 18363.1379; Version 1909; 64bit' Language: 'nl' Physical Memory: 16263 MB
BatchMode: 1, IsHumanControllingUs: 0, StartBugReporterOnCrash: 0, Is64bit: 1, IsPro: 0

 COMMAND LINE ARGUMENTS:
C:\Program Files\Unity\Hub\Editor\2020.2.2f1\Editor\Unity.exe
-adb2
-batchMode
-noUpm
-name
AssetImportWorker0
-projectPath
D:/Glu/ChessRemake/Unity/Chess Remake
-logFile
Logs/AssetImportWorker0.log
-srvPort
62942
Successfully changed project path to: D:/Glu/ChessRemake/Unity/Chess Remake
D:/Glu/ChessRemake/Unity/Chess Remake
Using Asset Import Pipeline V2.
Refreshing native plugins compatible for Editor in 20.48 ms, found 0 plugins.
Preloading 0 native plugins for Editor in 0.00 ms.
Initialize engine version: 2020.2.2f1 (068178b99f32)
[Subsystems] Discovering subsystems at path C:/Program Files/Unity/Hub/Editor/2020.2.2f1/Editor/Data/Resources/UnitySubsystems
[Subsystems] Discovering subsystems at path D:/Glu/ChessRemake/Unity/Chess Remake/Assets
GfxDevice: creating device client; threaded=0
Direct3D:
    Version:  Direct3D 11.0 [level 11.1]
    Renderer: NVIDIA GeForce GTX 1660 Ti (ID=0x2191)
    Vendor:   
    VRAM:     5991 MB
    Driver:   27.21.14.5730
Initialize mono
Mono path[0] = 'C:/Program Files/Unity/Hub/Editor/2020.2.2f1/Editor/Data/Managed'
Mono path[1] = 'C:/Program Files/Unity/Hub/Editor/2020.2.2f1/Editor/Data/MonoBleedingEdge/lib/mono/unityjit'
Mono config path = 'C:/Program Files/Unity/Hub/Editor/2020.2.2f1/Editor/Data/MonoBleedingEdge/etc'
Using monoOptions --debugger-agent=transport=dt_socket,embedding=1,server=y,suspend=n,address=127.0.0.1:56392
Begin MonoManager ReloadAssembly
Registering precompiled unity dll's ...
Register platform support module: C:/Program Files/Unity/Hub/Editor/2020.2.2f1/Editor/Data/PlaybackEngines/WindowsStandaloneSupport/UnityEditor.WindowsStandalone.Extensions.dll
Registered in 0.001600 seconds.
Native extension for WindowsStandalone target not found
Refreshing native plugins compatible for Editor in 20.67 ms, found 0 plugins.
Preloading 0 native plugins for Editor in 0.00 ms.
Invoked RoslynAnalysisRunner static constructor.
RoslynAnalysisRunner will not be running.
RoslynAnalysisRunner has terminated.
Mono: successfully reloaded assembly
- Completed reload, in  1.129 seconds
Platform modules already initialized, skipping
Registering precompiled user dll's ...
Registered in 0.000465 seconds.
Begin MonoManager ReloadAssembly
Native extension for WindowsStandalone target not found
Refreshing native plugins compatible for Editor in 0.19 ms, found 0 plugins.
Preloading 0 native plugins for Editor in 0.00 ms.
Invoked RoslynAnalysisRunner static constructor.
RoslynAnalysisRunner will not be running.
RoslynAnalysisRunner has terminated.
Mono: successfully reloaded assembly
- Completed reload, in  0.793 seconds
Platform modules already initialized, skipping
========================================================================
Worker process is ready to serve import requests
Launched and connected shader compiler UnityShaderCompiler.exe after 0.05 seconds
Refreshing native plugins compatible for Editor in 0.18 ms, found 0 plugins.
Preloading 0 native plugins for Editor in 0.00 ms.
Unloading 1109 Unused Serialized files (Serialized files now loaded: 0)
System memory in use before: 56.8 MB.
System memory in use after: 56.9 MB.

Unloading 9 unused Assets to reduce memory usage. Loaded Objects now: 1551.
Total: 1.461400 ms (FindLiveObjects: 0.109900 ms CreateObjectMapping: 0.037900 ms MarkObjects: 1.254000 ms  DeleteObjects: 0.059000 ms)

========================================================================
Received Import Request.
  path: Assets/Scripts/ScriptAbleObjectsScripts/MovementSettings.cs
  artifactKey: Guid(d9b3f57f43861754f861ecb17894d7da) Importer(815301076,1909f56bfc062723c751e8b465ee728b)
Start importing Assets/Scripts/ScriptAbleObjectsScripts/MovementSettings.cs using Guid(d9b3f57f43861754f861ecb17894d7da) Importer(815301076,1909f56bfc062723c751e8b465ee728b)  -> (artifact id: 'd06e36b894c2e9a7f1f5458bf5cbc2f8') in 0.123422 seconds
  Import took 0.135047 seconds .

========================================================================
Received Import Request.
  Time since last request: 2.016119 seconds.
  path: Assets/Scripts/ScriptAbleObjectsScripts/SpawnSettings.cs
  artifactKey: Guid(8f82cd3f96e9c154fb422a53c1799c5c) Importer(815301076,1909f56bfc062723c751e8b465ee728b)
Start importing Assets/Scripts/ScriptAbleObjectsScripts/SpawnSettings.cs using Guid(8f82cd3f96e9c154fb422a53c1799c5c) Importer(815301076,1909f56bfc062723c751e8b465ee728b)  -> (artifact id: '315ff2ffa35129c5c559717b1c9ff774') in 0.014570 seconds
  Import took 0.016637 seconds .

========================================================================
Received Import Request.
  Time since last request: 0.002063 seconds.
  path: Assets/Scripts/ScriptAbleObjectsScripts/SpawnSettings.cs
  artifactKey: Guid(8f82cd3f96e9c154fb422a53c1799c5c) Importer(815301076,1909f56bfc062723c751e8b465ee728b)
Start importing Assets/Scripts/ScriptAbleObjectsScripts/SpawnSettings.cs using Guid(8f82cd3f96e9c154fb422a53c1799c5c) Importer(815301076,1909f56bfc062723c751e8b465ee728b)  -> (artifact id: '315ff2ffa35129c5c559717b1c9ff774') in 0.002202 seconds
  Import took 0.004093 seconds .

========================================================================
Received Prepare
Registering precompiled user dll's ...
Registered in 0.000418 seconds.
Begin MonoManager ReloadAssembly
Native extension for WindowsStandalone target not found
Refreshing native plugins compatible for Editor in 0.18 ms, found 0 plugins.
Preloading 0 native plugins for Editor in 0.00 ms.
Invoked RoslynAnalysisRunner static constructor.
RoslynAnalysisRunner will not be running.
RoslynAnalysisRunner has terminated.
Mono: successfully reloaded assembly
- Completed reload, in  0.683 seconds
Platform modules already initialized, skipping
Refreshing native plugins compatible for Editor in 0.19 ms, found 0 plugins.
Preloading 0 native plugins for Editor in 0.00 ms.
Unloading 1105 Unused Serialized files (Serialized files now loaded: 0)
System memory in use before: 56.9 MB.
System memory in use after: 57.0 MB.

Unloading 4 unused Assets to reduce memory usage. Loaded Objects now: 1555.
Total: 1.443300 ms (FindLiveObjects: 0.112500 ms CreateObjectMapping: 0.028000 ms MarkObjects: 1.285200 ms  DeleteObjects: 0.016900 ms)

========================================================================
Received Import Request.
  Time since last request: 93.617078 seconds.
  path: Assets/Scripts/StevenObjectPool
  artifactKey: Guid(dfc175d76148ba846a8131911516c400) Importer(815301076,1909f56bfc062723c751e8b465ee728b)
Start importing Assets/Scripts/StevenObjectPool using Guid(dfc175d76148ba846a8131911516c400) Importer(815301076,1909f56bfc062723c751e8b465ee728b)  -> (artifact id: '05227f98c629054147992c6317e292dd') in 0.006958 seconds
  Import took 0.008861 seconds .

========================================================================
Received Import Request.
  Time since last request: 1.365556 seconds.
  path: Assets/Scripts/StevenObjectPool/ObjectPool.cs
  artifactKey: Guid(d9d99f8c9c244b046855caaf503e63e0) Importer(815301076,1909f56bfc062723c751e8b465ee728b)
Start importing Assets/Scripts/StevenObjectPool/ObjectPool.cs using Guid(d9d99f8c9c244b046855caaf503e63e0) Importer(815301076,1909f56bfc062723c751e8b465ee728b)  -> (artifact id: 'adb98d6dfccfd9f30d5dc42bf6a861a6') in 0.005720 seconds
  Import took 0.007312 seconds .

========================================================================
Received Import Request.
  Time since last request: 0.024727 seconds.
  path: Assets/Scripts/StevenObjectPool/ObjectPool.cs
  artifactKey: Guid(d9d99f8c9c244b046855caaf503e63e0) Importer(815301076,1909f56bfc062723c751e8b465ee728b)
Start importing Assets/Scripts/StevenObjectPool/ObjectPool.cs using Guid(d9d99f8c9c244b046855caaf503e63e0) Importer(815301076,1909f56bfc062723c751e8b465ee728b)  -> (artifact id: 'adb98d6dfccfd9f30d5dc42bf6a861a6') in 0.001808 seconds
  Import took 0.003515 seconds .

========================================================================
Received Prepare
Registering precompiled user dll's ...
Registered in 0.000568 seconds.
Begin MonoManager ReloadAssembly
Native extension for WindowsStandalone target not found
Refreshing native plugins compatible for Editor in 0.19 ms, found 0 plugins.
Preloading 0 native plugins for Editor in 0.00 ms.
Invoked RoslynAnalysisRunner static constructor.
RoslynAnalysisRunner will not be running.
RoslynAnalysisRunner has terminated.
Mono: successfully reloaded assembly
- Completed reload, in  1.188 seconds
Platform modules already initialized, skipping
Refreshing native plugins compatible for Editor in 0.20 ms, found 0 plugins.
Preloading 0 native plugins for Editor in 0.00 ms.
Unloading 1105 Unused Serialized files (Serialized files now loaded: 0)
System memory in use before: 57.1 MB.
System memory in use after: 57.2 MB.

Unloading 4 unused Assets to reduce memory usage. Loaded Objects now: 1557.
Total: 1.792000 ms (FindLiveObjects: 0.130300 ms CreateObjectMapping: 0.035200 ms MarkObjects: 1.603700 ms  DeleteObjects: 0.021500 ms)

========================================================================
Received Import Request.
  Time since last request: 2936.785216 seconds.
  path: Assets/Scripts/StevenObjectPool/ObjectPool.cs
  artifactKey: Guid(d9d99f8c9c244b046855caaf503e63e0) Importer(815301076,1909f56bfc062723c751e8b465ee728b)
Start importing Assets/Scripts/StevenObjectPool/ObjectPool.cs using Guid(d9d99f8c9c244b046855caaf503e63e0) Importer(815301076,1909f56bfc062723c751e8b465ee728b)  -> (artifact id: '8dbb27e86a476d0128842bf4b9c80a00') in 0.010249 seconds
  Import took 0.013223 seconds .

========================================================================
Received Prepare
Registering precompiled user dll's ...
Registered in 0.001886 seconds.
Begin MonoManager ReloadAssembly
Native extension for WindowsStandalone target not found
Refreshing native plugins compatible for Editor in 0.22 ms, found 0 plugins.
Preloading 0 native plugins for Editor in 0.00 ms.
Invoked RoslynAnalysisRunner static constructor.
RoslynAnalysisRunner will not be running.
RoslynAnalysisRunner has terminated.
Mono: successfully reloaded assembly
- Completed reload, in  1.989 seconds
Platform modules already initialized, skipping
Refreshing native plugins compatible for Editor in 0.26 ms, found 0 plugins.
Preloading 0 native plugins for Editor in 0.00 ms.
Unloading 1385 Unused Serialized files (Serialized files now loaded: 0)
System memory in use before: 74.6 MB.
System memory in use after: 74.7 MB.

Unloading 5 unused Assets to reduce memory usage. Loaded Objects now: 1838.
Total: 2.274700 ms (FindLiveObjects: 0.212800 ms CreateObjectMapping: 0.046600 ms MarkObjects: 1.993200 ms  DeleteObjects: 0.020900 ms)

AssetImportWorkerClient::OnTransportError - code=2 error=End of file
